c:\papka\programms\git\svi-2021\svi-2021\debug\vc142.pdb
c:\papka\programms\git\svi-2021\svi-2021\debug\vc142.idb
c:\papka\programms\git\svi-2021\svi-2021\debug\svi.obj
c:\papka\programms\git\svi-2021\svi-2021\debug\sem.obj
c:\papka\programms\git\svi-2021\svi-2021\debug\pn.obj
c:\papka\programms\git\svi-2021\svi-2021\debug\parm.obj
c:\papka\programms\git\svi-2021\svi-2021\debug\mfst.obj
c:\papka\programms\git\svi-2021\svi-2021\debug\lt.obj
c:\papka\programms\git\svi-2021\svi-2021\debug\log.obj
c:\papka\programms\git\svi-2021\svi-2021\debug\lib.obj
c:\papka\programms\git\svi-2021\svi-2021\debug\lex.obj
c:\papka\programms\git\svi-2021\svi-2021\debug\it.obj
c:\papka\programms\git\svi-2021\svi-2021\debug\in.obj
c:\papka\programms\git\svi-2021\svi-2021\debug\ilg.obj
c:\papka\programms\git\svi-2021\svi-2021\debug\grb.obj
c:\papka\programms\git\svi-2021\svi-2021\debug\gen.obj
c:\papka\programms\git\svi-2021\svi-2021\debug\fst.obj
c:\papka\programms\git\svi-2021\svi-2021\debug\error.obj
c:\papka\programms\git\svi-2021\svi-2021\debug\svi-2021.ilk
c:\papka\programms\git\svi-2021\debug\svi-2021.exe
c:\papka\programms\git\svi-2021\debug\svi-2021.pdb
c:\papka\programms\git\svi-2021\svi-2021\debug\svi-2021.tlog\cl.command.1.tlog
c:\papka\programms\git\svi-2021\svi-2021\debug\svi-2021.tlog\cl.read.1.tlog
c:\papka\programms\git\svi-2021\svi-2021\debug\svi-2021.tlog\cl.write.1.tlog
c:\papka\programms\git\svi-2021\svi-2021\debug\svi-2021.tlog\link.command.1.tlog
c:\papka\programms\git\svi-2021\svi-2021\debug\svi-2021.tlog\link.read.1.tlog
c:\papka\programms\git\svi-2021\svi-2021\debug\svi-2021.tlog\link.write.1.tlog
