c:\papka\programms\git\svi-2021\lp_lab13\debug\vc142.pdb
c:\papka\programms\git\svi-2021\lp_lab13\debug\vc142.idb
c:\papka\programms\git\svi-2021\lp_lab13\debug\svi.obj
c:\papka\programms\git\svi-2021\lp_lab13\debug\grb.obj
c:\papka\programms\git\svi-2021\lp_lab13\debug\mfst.obj
c:\papka\programms\git\svi-2021\lp_lab13\debug\sem.obj
c:\papka\programms\git\svi-2021\lp_lab13\debug\error.obj
c:\papka\programms\git\svi-2021\lp_lab13\debug\parm.obj
c:\papka\programms\git\svi-2021\lp_lab13\debug\pn.obj
c:\papka\programms\git\svi-2021\lp_lab13\debug\log.obj
c:\papka\programms\git\svi-2021\lp_lab13\debug\lt.obj
c:\papka\programms\git\svi-2021\lp_lab13\debug\lex.obj
c:\papka\programms\git\svi-2021\lp_lab13\debug\in.obj
c:\papka\programms\git\svi-2021\lp_lab13\debug\it.obj
c:\papka\programms\git\svi-2021\lp_lab13\debug\ilg.obj
c:\papka\programms\git\svi-2021\lp_lab13\debug\gen.obj
c:\papka\programms\git\svi-2021\lp_lab13\debug\fst.obj
c:\papka\programms\git\svi-2021\debug\lp_lab13.exe
c:\papka\programms\git\svi-2021\lp_lab13\debug\lp_lab13.ilk
c:\papka\programms\git\svi-2021\debug\lp_lab13.pdb
c:\papka\programms\git\svi-2021\lp_lab13\debug\lp_lab13.tlog\cl.command.1.tlog
c:\papka\programms\git\svi-2021\lp_lab13\debug\lp_lab13.tlog\cl.read.1.tlog
c:\papka\programms\git\svi-2021\lp_lab13\debug\lp_lab13.tlog\cl.write.1.tlog
c:\papka\programms\git\svi-2021\lp_lab13\debug\lp_lab13.tlog\link.command.1.tlog
c:\papka\programms\git\svi-2021\lp_lab13\debug\lp_lab13.tlog\link.read.1.tlog
c:\papka\programms\git\svi-2021\lp_lab13\debug\lp_lab13.tlog\link.write.1.tlog
