  Assembling asm.asm...
asm.asm(1): error A2008: syntax error : .
asm.asm(2): error A2008: syntax error : .
asm.asm(19): error A2008: syntax error : .
asm.asm(46): error A2070: invalid instruction operands
asm.asm(47): error A2070: invalid instruction operands
asm.asm(48): error A2070: invalid instruction operands
asm.asm(50): error A2070: invalid instruction operands
asm.asm(58): error A2070: invalid instruction operands
asm.asm(59): error A2070: invalid instruction operands
asm.asm(65): error A2070: invalid instruction operands
asm.asm(71): error A2070: invalid instruction operands
asm.asm(77): error A2070: invalid instruction operands
asm.asm(79): error A2070: invalid instruction operands
asm.asm(86): error A2070: invalid instruction operands
asm.asm(88): error A2070: invalid instruction operands
asm.asm(102): error A2070: invalid instruction operands
asm.asm(104): error A2070: invalid instruction operands
asm.asm(115): error A2070: invalid instruction operands
asm.asm(117): error A2070: invalid instruction operands
asm.asm(126): error A2070: invalid instruction operands
asm.asm(128): error A2070: invalid instruction operands
asm.asm(131): error A2070: invalid instruction operands
asm.asm(133): error A2070: invalid instruction operands
asm.asm(136): error A2070: invalid instruction operands
asm.asm(137): error A2070: invalid instruction operands
asm.asm(138): error A2070: invalid instruction operands
asm.asm(140): error A2070: invalid instruction operands
asm.asm(142): error A2070: invalid instruction operands
asm.asm(146): error A2070: invalid instruction operands
asm.asm(151): error A2070: invalid instruction operands
asm.asm(153): error A2070: invalid instruction operands
asm.asm(155): error A2070: invalid instruction operands
asm.asm(163): error A2070: invalid instruction operands
asm.asm(168): error A2070: invalid instruction operands
asm.asm(172): error A2070: invalid instruction operands
asm.asm(174): error A2070: invalid instruction operands
asm.asm(177): error A2070: invalid instruction operands
asm.asm(181): error A2070: invalid instruction operands
asm.asm(187): error A2070: invalid instruction operands
asm.asm(192): error A2008: syntax error : main
asm.asm(192): error A2088: END directive required at end of file
C:\Program Files (x86)\Microsoft Visual Studio\2019\Community\MSBuild\Microsoft\VC\v160\BuildCustomizations\masm.targets(70,5): error MSB3721: выход из команды "ml64.exe /c /nologo /Zi /Fo"x64\Debug\asm.obj" /W3 /errorReport:prompt  /Taasm.asm" с кодом "1".
